mktextfm ptmr7t
mktextfm phvr7t
mktextfm phvb7t
mktextfm nullfont
mktextfm phvr7t
mktextfm phvb7t
mktextfm nullfont
mktextfm phvr7t
mktextfm phvb7t
mktextfm nullfont
mktextfm ptmr7t
mktextfm ptmb7t
mktextfm nullfont
mktextfm ptmr7t
mktextfm ptmb7t
mktextfm nullfont
mktextfm ptmr7t
mktextfm ptmb7t
mktextfm nullfont
mktextfm ptmr7t
mktextfm phvr7t
mktextfm phvb7t
mktextfm nullfont
mktextfm phvr7t
mktextfm phvb7t
mktextfm nullfont
mktextfm phvr7t
mktextfm phvb7t
mktextfm nullfont
mktextfm ptmr7t
mktextfm ptmb7t
mktextfm nullfont
mktextfm ptmb7t
mktextfm nullfont
mktextfm ptmr7t
mktextfm ptmb7t
mktextfm nullfont
mktextfm ptmr7t
mktextfm ptmb7t
mktextfm nullfont
